### Custom WaveView ADV log file, revision O-2018.09 (build Aug 27, ) ###
### created at 13:53:48 on Mon Oct 28 2024 (Linux AMD64) ###
### Host Name: husynposyseng   User ID: mohammed   PID: 12033   ###
wv_start_log
# (0) running in waveview only mode
# (0) SW_SX_PERL_LIB defined
# (0) SW_SX_TCL_LIB defined
# (0) HOME defined
wv_move_window {Custom WaveView} {} 86 109
wv_select_window {Custom WaveView} 
wv_press_tool_button {Custom WaveView} {} {OpenWaveform0} 
wv_select_dialog {FileDialog} 
wv_select_list_item {FileDialog} {} {FileList} {nmos_2w.sw0} 11
wv_select_list_item {FileDialog} {} {FileList} {nmos_2w.sw0} 11
wv_dclick_list_item {FileDialog} {} {FileList} {nmos_2w.sw0} 11
wv_expand_tree_item {Custom WaveView} {} {hierview} {D0:nmos_2w.sw0(0)} {+sep=@}
wv_select_tree_item {Custom WaveView} {} {hierview} {D0:nmos_2w.sw0(0)@toplevel(0)} {0} {+sep=@}
wv_select_list_item {Custom WaveView} {} {sigview} {mmn.i(main)} 3
wv_drag_list_item {Custom WaveView} {} {sigview} {mmn.i(main)} 3
wv_drag_enter WV1
wv_drop_on WV1
wv_move_window {Custom WaveView} {} 0 0
wv_move_window {Custom WaveView} {} 0 30
wv_press_tool_button {Custom WaveView} {} {OpenWaveformFile0} 
wv_select_dialog {FileDialog} 
wv_press_button {FileDialog} {} {Up} 
wv_select_list_item {FileDialog} {} {FileList} {pmos} 3
wv_select_list_item {FileDialog} {} {FileList} {pmos} 3
wv_select_list_item {FileDialog} {} {FileList} {pmos} 3
wv_dclick_list_item {FileDialog} {} {FileList} {pmos} 3
wv_select_list_item {FileDialog} {} {FileList} {pmos.sw0} 5
wv_select_list_item {FileDialog} {} {FileList} {pmos.sw0} 5
wv_dclick_list_item {FileDialog} {} {FileList} {pmos.sw0} 5
wv_expand_tree_item {Custom WaveView} {} {hierview} {D1:pmos.sw0(1)} {+sep=@}
wv_select_tree_item {Custom WaveView} {} {hierview} {D1:pmos.sw0(1)@toplevel(0)} {0} {+sep=@}
wv_select_tree_item {Custom WaveView} {} {hierview} {D1:pmos.sw0(1)@toplevel(0)} {0} {+sep=@}
wv_select_list_item {Custom WaveView} {} {sigview} {mmn.i(main)} 4
wv_dclick_list_item {Custom WaveView} {} {sigview} {mmn.i(main)} 4
wv_select_waveview 1 {waveview 1}
wv_select_toolbar_item {Custom WaveView} {waveview 1:1} {Delete Panels/Signals} 
wv_select_dialog {Confirmation} 
wv_press_button {Confirmation} {} {Ok} 
wv_select_waveview 1 {waveview 1}
wv_select_toolbar_item {Custom WaveView} {waveview 1:1} {Delete Panels/Signals} 
wv_select_dialog {Confirmation} 
wv_press_button {Confirmation} {} {Ok} 
wv_select_waveview 1 {waveview 1}
wv_select_wv_item WV1.PANEL1:1.LEGEND
wv_select_panel WV1.PANEL1:1.LEGEND
wv_select_waveview 1 {waveview 1}
wv_select_panel WV1.PANEL1:1 -1.35386 9.9867e-05
wv_select_waveview 1 {waveview 1}
wv_select_wv_item WV1.PANEL2:1.YAXIS1
wv_drag_item_to WV1 113 465
wv_select_waveview 1 {waveview 1}
wv_select_wv_item WV1.PANEL2:1.LEGEND
wv_select_panel WV1.PANEL2:1.LEGEND
wv_select_waveview 1 {waveview 1}
wv_select_toolbar_item {Custom WaveView} {waveview 1:1} {Delete Panels/Signals} 
wv_select_dialog {Confirmation} 
wv_press_button {Confirmation} {} {Cancel} 
wv_select_window {Custom WaveView} 
wv_select_waveview 1 {waveview 1}
wv_select_wv_item WV1.PANEL1:1.LEGEND
wv_drag_item_to WV1 56 55
wv_select_panel WV1.PANEL1:1.LEGEND
wv_select_waveview 1 {waveview 1}
wv_select_toolbar_item {Custom WaveView} {waveview 1:1} {Delete Panels/Signals} 
wv_select_dialog {Confirmation} 
wv_press_button {Confirmation} {} {Ok} 
wv_select_list_item {Custom WaveView} {} {sigview} {i(vds)} 1
wv_dclick_list_item {Custom WaveView} {} {sigview} {i(vds)} 1
wv_select_waveview 1 {waveview 1}
wv_select_wv_item WV1.PANEL1:1.LEGEND
wv_select_panel WV1.PANEL1:1.LEGEND
wv_select_waveview 1 {waveview 1}
wv_select_panel WV1.PANEL1:1 -1.71457 -5.39221e-05
wv_drag_item_to WV1 200 133
wv_select_waveview 1 {waveview 1}
wv_release_wv_item WV1 82 2
wv_select_waveview 1 {waveview 1}
wv_select_wv_item WV1.PANEL1:1.LEGEND
wv_select_panel WV1.PANEL1:1.LEGEND
wv_select_waveview 1 {waveview 1}
wv_select_toolbar_item {Custom WaveView} {waveview 1:1} {Delete Panels/Signals} 
wv_select_dialog {Confirmation} 
wv_press_button {Confirmation} {} {Ok} 
wv_select_waveview 1 {waveview 1}
wv_select_wv_item WV1.PANEL1:1.LEGEND
wv_select_panel WV1.PANEL1:1.LEGEND
wv_select_waveview 1 {waveview 1}
wv_select_toolbar_item {Custom WaveView} {waveview 1:1} {Delete Panels/Signals} 
wv_select_window {Custom WaveView} 
wv_select_dialog {Confirmation} 
wv_press_button {Confirmation} {} {Ok} 
wv_select_waveview 1 {waveview 1}
wv_release_wv_item WV1 137 251
wv_select_list_item {Custom WaveView} {} {sigview} {mmn.i(main)} 4
wv_select_list_item {Custom WaveView} {} {sigview} {mmn.i(main)} 4
wv_dclick_list_item {Custom WaveView} {} {sigview} {mmn.i(main)} 4
wv_select_tab {Custom WaveView} {} {RBMenu} {Bar.File}
wv_press_tool_button {Custom WaveView} {} {OpenWaveform0} 
wv_select_dialog {FileDialog} 
wv_select_list_item {FileDialog} {} {FileList} {pmos.sw0} 5
wv_dclick_list_item {FileDialog} {} {FileList} {pmos.sw0} 5
wv_select_waveview 1 {waveview 1}
wv_select_wv_item WV1.PANEL1:1.LEGEND
wv_select_panel WV1.PANEL1:1.LEGEND
wv_select_waveview 1 {waveview 1}
wv_select_toolbar_item {Custom WaveView} {waveview 1:1} {Delete Panels/Signals} 
wv_select_window {Custom WaveView} 
wv_select_dialog {Confirmation} 
wv_press_button {Confirmation} {} {Ok} 
wv_select_waveview 1 {waveview 1}
wv_select_wv_item WV1.PANEL1:1.LEGEND
wv_select_panel WV1.PANEL1:1.LEGEND
wv_select_waveview 1 {waveview 1}
wv_select_toolbar_item {Custom WaveView} {waveview 1:1} {Delete Panels/Signals} 
wv_select_window {Custom WaveView} 
wv_select_dialog {Confirmation} 
wv_press_button {Confirmation} {} {Ok} 
wv_select_tree_item {Custom WaveView} {} {hierview} {D1:pmos.sw0(2)} {0} {+sep=@}
wv_expand_tree_item {Custom WaveView} {} {hierview} {D1:pmos.sw0(2)} {+sep=@}
wv_select_tree_item {Custom WaveView} {} {hierview} {D1:pmos.sw0(2)} {0} {+sep=@}
wv_select_tree_item {Custom WaveView} {} {hierview} {D1:pmos.sw0(2)@toplevel(0)} {0} {+sep=@}
wv_select_tree_item {Custom WaveView} {} {hierview} {D1:pmos.sw0(2)@toplevel(0)} {0} {+sep=@}
wv_select_list_item {Custom WaveView} {} {sigview} {mmn.i(main)} 4
wv_dclick_list_item {Custom WaveView} {} {sigview} {mmn.i(main)} 4
wv_select_tree_item {Custom WaveView} {} {hierview} {D1:pmos.sw0(1)@toplevel(0)} {0} {+sep=@}
wv_select_tree_item {Custom WaveView} {} {hierview} {D1:pmos.sw0(1)@toplevel(0)} {0} {+sep=@}
wv_select_tree_item {Custom WaveView} {} {hierview} {D1:pmos.sw0(2)@toplevel(0)} {0} {+sep=@}
wv_select_tree_item {Custom WaveView} {} {hierview} {D1:pmos.sw0(2)@toplevel(0)} {0} {+sep=@}
wv_select_tree_item {Custom WaveView} {} {hierview} {D1:pmos.sw0(1)@toplevel(0)} {0} {+sep=@}
wv_select_tree_item {Custom WaveView} {} {hierview} {D1:pmos.sw0(1)@toplevel(0)} {0} {+sep=@}
wv_select_list_item {Custom WaveView} {} {sigview} {mmn.i(main)} 4
wv_select_list_item {Custom WaveView} {} {sigview} {mmn.i(main)} 4
wv_dclick_list_item {Custom WaveView} {} {sigview} {mmn.i(main)} 4
wv_select_dialog {Confirmation} 
wv_press_button {Confirmation} {} {Cancel} 
wv_select_window {Custom WaveView} 
wv_press_tool_button {Custom WaveView} {} {OpenWaveformFile0} 
wv_select_dialog {FileDialog} 
wv_select_list_item {FileDialog} {} {FileList} {pmos_2w.sw0} 11
wv_dclick_list_item {FileDialog} {} {FileList} {pmos_2w.sw0} 11
wv_select_tree_item {Custom WaveView} {} {hierview} {D1:pmos_2w.sw0(3)} {0} {+sep=@}
wv_expand_tree_item {Custom WaveView} {} {hierview} {D1:pmos_2w.sw0(3)} {+sep=@}
wv_select_tree_item {Custom WaveView} {} {hierview} {D1:pmos_2w.sw0(3)} {0} {+sep=@}
wv_select_tree_item {Custom WaveView} {} {hierview} {D1:pmos_2w.sw0(3)@toplevel(0)} {0} {+sep=@}
wv_select_waveview 1 {waveview 1}
wv_select_wv_item WV1.PANEL1:1.LEGEND
wv_select_panel WV1.PANEL1:1.LEGEND
wv_select_waveview 1 {waveview 1}
wv_select_toolbar_item {Custom WaveView} {waveview 1:1} {Delete Panels/Signals} 
wv_select_window {Custom WaveView} 
wv_select_dialog {Confirmation} 
wv_press_button {Confirmation} {} {Ok} 
wv_select_list_item {Custom WaveView} {} {sigview} {mmn.i(main)} 4
wv_dclick_list_item {Custom WaveView} {} {sigview} {mmn.i(main)} 4
wv_press_key "S" 827 275
wv_select_tree_item {Custom WaveView} {} {hierview} {D1:pmos.sw0(2)@toplevel(0)} {0} {+sep=@}
wv_select_tree_item {Custom WaveView} {} {hierview} {D1:pmos.sw0(2)@toplevel(0)} {0} {+sep=@}
wv_select_tree_item {Custom WaveView} {} {hierview} {D1:pmos.sw0(2)@toplevel(0)} {0} {+sep=@}
wv_select_tree_item {Custom WaveView} {} {hierview} {D1:pmos.sw0(2)@toplevel(0)} {0} {+sep=@}
wv_select_list_item {Custom WaveView} {} {sigview} {mmn.i(main)} 4
wv_dclick_list_item {Custom WaveView} {} {sigview} {mmn.i(main)} 4
wv_select_dialog {Confirmation} 
wv_press_button {Confirmation} {} {Ok} 
wv_press_tool_button {Custom WaveView} {} {OpenWaveformFile0} 
wv_select_dialog {FileDialog} 
wv_press_button {FileDialog} {} {Up} 
wv_select_list_item {FileDialog} {} {FileList} {nmos} 2
wv_dclick_list_item {FileDialog} {} {FileList} {nmos} 2
wv_select_list_item {FileDialog} {} {FileList} {nmos.sw0} 5
wv_dclick_list_item {FileDialog} {} {FileList} {nmos.sw0} 5
wv_select_tree_item {Custom WaveView} {} {hierview} {D0:nmos.sw0(4)} {0} {+sep=@}
wv_expand_tree_item {Custom WaveView} {} {hierview} {D0:nmos.sw0(4)} {+sep=@}
wv_select_tree_item {Custom WaveView} {} {hierview} {D0:nmos.sw0(4)} {0} {+sep=@}
wv_select_tree_item {Custom WaveView} {} {hierview} {D0:nmos.sw0(4)@toplevel(0)} {0} {+sep=@}
wv_select_tree_item {Custom WaveView} {} {hierview} {D0:nmos.sw0(4)@toplevel(0)} {0} {+sep=@}
wv_select_waveview 1 {waveview 1}
wv_select_wv_item WV1.PANEL1:1.LEGEND
wv_select_panel WV1.PANEL1:1.LEGEND
wv_select_waveview 1 {waveview 1}
wv_select_toolbar_item {Custom WaveView} {waveview 1:1} {Delete Panels/Signals} 
wv_select_dialog {Confirmation} 
wv_press_button {Confirmation} {} {Ok} 
wv_select_waveview 1 {waveview 1}
wv_select_wv_item WV1.PANEL1:1.LEGEND
wv_select_panel WV1.PANEL1:1.LEGEND
wv_select_waveview 1 {waveview 1}
wv_select_toolbar_item {Custom WaveView} {waveview 1:1} {Delete Panels/Signals} 
wv_select_dialog {Confirmation} 
wv_press_button {Confirmation} {} {Ok} 
wv_select_tree_item {Custom WaveView} {} {hierview} {D0:nmos_2w.sw0(0)@toplevel(0)} {0} {+sep=@}
wv_select_tree_item {Custom WaveView} {} {hierview} {D0:nmos_2w.sw0(0)@toplevel(0)} {0} {+sep=@}
wv_select_tree_item {Custom WaveView} {} {hierview} {D0:nmos_2w.sw0(0)@toplevel(0)} {0} {+sep=@}
wv_select_tree_item {Custom WaveView} {} {hierview} {D0:nmos_2w.sw0(0)@toplevel(0)} {0} {+sep=@}
wv_select_tree_item {Custom WaveView} {} {hierview} {D0:nmos_2w.sw0(0)@toplevel(0)} {0} {+sep=@}
wv_select_list_item {Custom WaveView} {} {sigview} {mmn.i(main)} 3
wv_drag_list_item {Custom WaveView} {} {sigview} {mmn.i(main)} 3
wv_drag_enter WV1
wv_drop_on WV1
wv_select_tree_item {Custom WaveView} {} {hierview} {D0:nmos.sw0(4)@toplevel(0)} {0} {+sep=@}
wv_select_tree_item {Custom WaveView} {} {hierview} {D0:nmos.sw0(4)@toplevel(0)} {0} {+sep=@}
wv_select_list_item {Custom WaveView} {} {sigview} {mmn.i(main)} 3
wv_select_list_item {Custom WaveView} {} {sigview} {mmn.i(main)} 3
wv_select_list_item {Custom WaveView} {} {sigview} {mmn.i(main)} 3
wv_select_list_item {Custom WaveView} {} {sigview} {mmn.i(main)} 3
wv_drag_list_item {Custom WaveView} {} {sigview} {mmn.i(main)} 3
wv_drag_enter WV1
wv_drag_to WV1 6 469
wv_drop_on WV1
wv_press_key "Z" 495 638
wv_press_key Ctrl_Z 438 495
wv_press_key Ctrl_Z 435 495
wv_select_waveview 1 {waveview 1}
wv_select_wv_item WV1.PANEL1:1.LEGEND
wv_select_panel WV1.PANEL1:1.LEGEND
wv_select_waveview 1 {waveview 1}
wv_select_toolbar_item {Custom WaveView} {waveview 1:1} {Delete Panels/Signals} 
wv_select_dialog {Confirmation} 
wv_press_button {Confirmation} {} {Ok} 
wv_select_tree_item {Custom WaveView} {} {hierview} {D0:nmos_2w.sw0(0)@toplevel(0)} {0} {+sep=@}
wv_select_tree_item {Custom WaveView} {} {hierview} {D0:nmos_2w.sw0(0)@toplevel(0)} {0} {+sep=@}
wv_select_list_item {Custom WaveView} {} {sigview} {mmn.i(main)} 3
wv_drag_list_item {Custom WaveView} {} {sigview} {mmn.i(main)} 3
wv_drag_enter WV1
wv_drop_on WV1
wv_select_tree_item {Custom WaveView} {} {hierview} {D0:nmos.sw0(4)@toplevel(0)} {0} {+sep=@}
wv_select_tree_item {Custom WaveView} {} {hierview} {D0:nmos.sw0(4)@toplevel(0)} {0} {+sep=@}
wv_select_list_item {Custom WaveView} {} {sigview} {mmn.i(main)} 3
wv_drag_list_item {Custom WaveView} {} {sigview} {mmn.i(main)} 3
wv_drag_enter WV1
wv_drag_to WV1 446 594
wv_drag_to WV1 697 783
wv_drag_to WV1 728 773
wv_drag_to WV1 1055 9
wv_drag_to WV1 1327 66
wv_drag_leave WV1
wv_drag_enter WV1
wv_drag_to WV1 1498 31
wv_drag_leave WV1
wv_drag_enter WV1
wv_drag_to WV1 704 28
wv_drop_on WV1
wv_select_waveview 1 {waveview 1}
wv_select_wv_item WV1.PANEL1:1.LINE11.SWPSWITCH
wv_release_wv_item WV1 22 42
wv_select_waveview 1 {waveview 1}
wv_select_wv_item WV1.PANEL1:1.LINE11.SWPSWITCH
wv_release_wv_item WV1 27 43
wv_select_waveview 1 {waveview 1}
wv_select_wv_item WV1.PANEL1:1.LINE11
wv_drag_item_to WV1 49 42
wv_select_line WV1.PANEL1:1.LINE11
wv_drag_enter WV1
wv_drag_to WV1 49 42
wv_drop_on WV1
wv_drag_item_to WV1 49 42
wv_select_waveview 1 {waveview 1}
wv_select_toolbar_item {Custom WaveView} {waveview 1:1} {Delete Panels/Signals} 
wv_select_dialog {Confirmation} 
wv_press_button {Confirmation} {} {Ok} 
wv_collapse_tree_item {Custom WaveView} {} {hierview} {D0:nmos_2w.sw0(0)} {+sep=@}
wv_select_tree_item {Custom WaveView} {} {hierview} {D0:nmos.sw0(4)} {0} {+sep=@}
wv_select_tree_item {Custom WaveView} {} {hierview} {D0:nmos.sw0(4)@toplevel(0)} {0} {+sep=@}
wv_select_tree_item {Custom WaveView} {} {hierview} {D0:nmos.sw0(4)@toplevel(0)} {0} {+sep=@}
wv_select_list_item {Custom WaveView} {} {sigview} {mmn.i(main)} 3
wv_drag_list_item {Custom WaveView} {} {sigview} {mmn.i(main)} 3
wv_drag_enter WV1
wv_drag_to WV1 54 559
wv_drop_on WV1
wv_press_key Ctrl_Z 236 380
wv_select_waveview 1 {waveview 1}
wv_select_wv_item WV1.PANEL1:1.LINE11
wv_select_line WV1.PANEL1:1.LINE11
wv_select_waveview 1 {waveview 1}
wv_select_toolbar_item {Custom WaveView} {waveview 1:1} {Delete Panels/Signals} 
wv_select_dialog {Confirmation} 
wv_press_button {Confirmation} {} {Ok} 
wv_select_waveview 1 {waveview 1}
wv_waveview_context_menu WV1.PANEL1:1 0.425972 0.00051781
wv_select_waveview 1 {waveview 1}
wv_select_menu_item {Custom WaveView} {waveview 1:1} {PanelPopMenu.Ungroup} 
wv_select_list_item {Custom WaveView} {} {sigview} {mmn.i(main)} 3
wv_drag_list_item {Custom WaveView} {} {sigview} {mmn.i(main)} 3
wv_drag_enter WV1
wv_drag_to WV1 62 480
wv_drag_leave WV1
wv_select_waveview 1 {waveview 1}
wv_select_wv_item WV1.PANEL1:1.LEGEND
wv_select_panel WV1.PANEL1:1.LEGEND
wv_select_waveview 1 {waveview 1}
wv_select_toolbar_item {Custom WaveView} {waveview 1:1} {Panel Selection} 
wv_select_waveview 1 {waveview 1}
wv_waveview_context_menu WV1.PANEL1:1.LEGEND
wv_select_waveview 1 {waveview 1}
wv_select_menu_item {Custom WaveView} {waveview 1:1} {PanelPopMenu.Insert Empty Panel Set} 
wv_select_list_item {Custom WaveView} {} {sigview} {mmn.i(main)} 3
wv_drag_list_item {Custom WaveView} {} {sigview} {i(vgs)} 2
wv_drag_enter WV1
wv_drag_to WV1 36 294
wv_drag_to WV1 294 19
wv_drag_to WV1 292 28
wv_drop_on WV1
wv_select_waveview 1 {waveview 1}
wv_select_wv_item WV1.LEGEND.WIDTH
wv_drag_item_to WV1 82 137
wv_move_wv_item WV1.PANEL1:1.LEGEND.WIDTH 141
wv_select_waveview 1 {waveview 1}
wv_select_wv_item WV1.LEGEND.WIDTH
wv_drag_item_to WV1 147 135
wv_move_wv_item WV1.PANEL1:1.LEGEND.WIDTH 195
wv_select_waveview 1 {waveview 1}
wv_select_toolbar_item {Custom WaveView} {waveview 1:1} {Delete Panels/Signals} 
wv_select_dialog {Confirmation} 
wv_press_button {Confirmation} {} {Ok} 
wv_select_waveview 1 {waveview 1}
wv_select_wv_item WV1.PANEL2:1.LEGEND
wv_select_panel WV1.PANEL2:1.LEGEND
wv_select_waveview 1 {waveview 1}
wv_select_toolbar_item {Custom WaveView} {waveview 1:1} {Delete Panels/Signals} 
wv_select_window {Custom WaveView} 
wv_select_dialog {Confirmation} 
wv_press_button {Confirmation} {} {Ok} 
wv_select_tree_item {Custom WaveView} {} {hierview} {D1:pmos.sw0(2)@toplevel(0)} {0} {+sep=@}
wv_select_list_item {Custom WaveView} {} {sigview} {mmn.i(main)} 4
wv_drag_list_item {Custom WaveView} {} {sigview} {mmn.i(main)} 4
wv_drag_enter WV1
wv_drag_to WV1 90 394
wv_drag_to WV1 259 35
wv_drag_to WV1 240 58
wv_drop_on WV1
wv_select_tree_item {Custom WaveView} {} {hierview} {D1:pmos_2w.sw0(3)@toplevel(0)} {0} {+sep=@}
wv_select_tree_item {Custom WaveView} {} {hierview} {D1:pmos_2w.sw0(3)@toplevel(0)} {0} {+sep=@}
wv_select_list_item {Custom WaveView} {} {sigview} {mmn.i(main)} 4
wv_drag_list_item {Custom WaveView} {} {sigview} {i(vvdd)} 3
wv_drag_enter WV1
wv_drag_to WV1 6 413
wv_drag_to WV1 126 776
wv_drop_on WV1
wv_close_window {Custom WaveView} 
wv_select_dialog {Confirmation} 
#wv_press_button {Confirmation} {} {Ok} 
#*WARNING* Can not remove '/home/mohammed/.cx_hostport/.cx_hostport_husynposyseng_12033'.
